

[DEBUG] 2017-09-21 21:31:02,191 method:com.alibaba.dubbo.common.extension.ExtensionLoader.createAdaptiveExtensionClassCode(ExtensionLoader.java:943)
 [DUBBO] package com.alibaba.dubbo.remoting;
import com.alibaba.dubbo.common.extension.ExtensionLoader;
public class Dispatcher$Adpative implements com.alibaba.dubbo.remoting.Dispatcher {
public com.alibaba.dubbo.remoting.ChannelHandler dispatch(com.alibaba.dubbo.remoting.ChannelHandler arg0, com.alibaba.dubbo.common.URL arg1) {
if (arg1 == null) throw new IllegalArgumentException("url == null");
com.alibaba.dubbo.common.URL url = arg1;
String extName = url.getParameter("dispatcher", url.getParameter("dispather", url.getParameter("channel.handler", "all")));
if(extName == null) throw new IllegalStateException("Fail to get extension(com.alibaba.dubbo.remoting.Dispatcher) name from url(" + url.toString() + ") use keys([dispatcher, dispather, channel.handler])");
com.alibaba.dubbo.remoting.Dispatcher extension = (com.alibaba.dubbo.remoting.Dispatcher)ExtensionLoader.getExtensionLoader(com.alibaba.dubbo.remoting.Dispatcher.class).getExtension(extName);
return extension.dispatch(arg0, arg1);
}
}, dubbo version: 2.5.3, current host: 192.168.25.1


[DEBUG] 2017-09-21 21:31:02,201 method:com.alibaba.dubbo.common.extension.ExtensionLoader.createAdaptiveExtensionClassCode(ExtensionLoader.java:943)
 [DUBBO] package com.alibaba.dubbo.common.threadpool;
import com.alibaba.dubbo.common.extension.ExtensionLoader;
public class ThreadPool$Adpative implements com.alibaba.dubbo.common.threadpool.ThreadPool {
public java.util.concurrent.Executor getExecutor(com.alibaba.dubbo.common.URL arg0) {
if (arg0 == null) throw new IllegalArgumentException("url == null");
com.alibaba.dubbo.common.URL url = arg0;
String extName = url.getParameter("threadpool", "fixed");
if(extName == null) throw new IllegalStateException("Fail to get extension(com.alibaba.dubbo.common.threadpool.ThreadPool) name from url(" + url.toString() + ") use keys([threadpool])");
com.alibaba.dubbo.common.threadpool.ThreadPool extension = (com.alibaba.dubbo.common.threadpool.ThreadPool)ExtensionLoader.getExtensionLoader(com.alibaba.dubbo.common.threadpool.ThreadPool.class).getExtension(extName);
return extension.getExecutor(arg0);
}
}, dubbo version: 2.5.3, current host: 192.168.25.1


[INFO ] 2017-09-21 21:31:02,263 method:com.alibaba.dubbo.remoting.transport.AbstractClient.connect(AbstractClient.java:287)
 [DUBBO] Successed connect to server /192.168.25.1:20882 from NettyClient 192.168.25.1 using dubbo version 2.5.3, channel is NettyChannel [channel=[id: 0x4e26b468, /192.168.25.1:4937 => /192.168.25.1:20882]], dubbo version: 2.5.3, current host: 192.168.25.1


[INFO ] 2017-09-21 21:31:02,263 method:com.alibaba.dubbo.remoting.transport.AbstractClient.<init>(AbstractClient.java:105)
 [DUBBO] Start NettyClient SC-201706192323/192.168.25.1 connect to the server /192.168.25.1:20882, dubbo version: 2.5.3, current host: 192.168.25.1


[DEBUG] 2017-09-21 21:31:02,282 method:com.alibaba.dubbo.common.extension.ExtensionLoader.createAdaptiveExtensionClassCode(ExtensionLoader.java:943)
 [DUBBO] package com.alibaba.dubbo.validation;
import com.alibaba.dubbo.common.extension.ExtensionLoader;
public class Validation$Adpative implements com.alibaba.dubbo.validation.Validation {
public com.alibaba.dubbo.validation.Validator getValidator(com.alibaba.dubbo.common.URL arg0) {
if (arg0 == null) throw new IllegalArgumentException("url == null");
com.alibaba.dubbo.common.URL url = arg0;
String extName = url.getParameter("validation", "jvalidation");
if(extName == null) throw new IllegalStateException("Fail to get extension(com.alibaba.dubbo.validation.Validation) name from url(" + url.toString() + ") use keys([validation])");
com.alibaba.dubbo.validation.Validation extension = (com.alibaba.dubbo.validation.Validation)ExtensionLoader.getExtensionLoader(com.alibaba.dubbo.validation.Validation.class).getExtension(extName);
return extension.getValidator(arg0);
}
}, dubbo version: 2.5.3, current host: 192.168.25.1


[DEBUG] 2017-09-21 21:31:02,290 method:com.alibaba.dubbo.common.extension.ExtensionLoader.createAdaptiveExtensionClassCode(ExtensionLoader.java:943)
 [DUBBO] package com.alibaba.dubbo.monitor;
import com.alibaba.dubbo.common.extension.ExtensionLoader;
public class MonitorFactory$Adpative implements com.alibaba.dubbo.monitor.MonitorFactory {
public com.alibaba.dubbo.monitor.Monitor getMonitor(com.alibaba.dubbo.common.URL arg0) {
if (arg0 == null) throw new IllegalArgumentException("url == null");
com.alibaba.dubbo.common.URL url = arg0;
String extName = ( url.getProtocol() == null ? "dubbo" : url.getProtocol() );
if(extName == null) throw new IllegalStateException("Fail to get extension(com.alibaba.dubbo.monitor.MonitorFactory) name from url(" + url.toString() + ") use keys([protocol])");
com.alibaba.dubbo.monitor.MonitorFactory extension = (com.alibaba.dubbo.monitor.MonitorFactory)ExtensionLoader.getExtensionLoader(com.alibaba.dubbo.monitor.MonitorFactory.class).getExtension(extName);
return extension.getMonitor(arg0);
}
}, dubbo version: 2.5.3, current host: 192.168.25.1


[DEBUG] 2017-09-21 21:31:02,297 method:com.alibaba.dubbo.common.extension.ExtensionLoader.createAdaptiveExtensionClassCode(ExtensionLoader.java:943)
 [DUBBO] package com.alibaba.dubbo.cache;
import com.alibaba.dubbo.common.extension.ExtensionLoader;
public class CacheFactory$Adpative implements com.alibaba.dubbo.cache.CacheFactory {
public com.alibaba.dubbo.cache.Cache getCache(com.alibaba.dubbo.common.URL arg0) {
if (arg0 == null) throw new IllegalArgumentException("url == null");
com.alibaba.dubbo.common.URL url = arg0;
String extName = url.getParameter("cache", "lru");
if(extName == null) throw new IllegalStateException("Fail to get extension(com.alibaba.dubbo.cache.CacheFactory) name from url(" + url.toString() + ") use keys([cache])");
com.alibaba.dubbo.cache.CacheFactory extension = (com.alibaba.dubbo.cache.CacheFactory)ExtensionLoader.getExtensionLoader(com.alibaba.dubbo.cache.CacheFactory.class).getExtension(extName);
return extension.getCache(arg0);
}
}, dubbo version: 2.5.3, current host: 192.168.25.1


[INFO ] 2017-09-21 21:31:02,308 method:com.alibaba.dubbo.config.ReferenceConfig.createProxy(ReferenceConfig.java:423)
 [DUBBO] Refer dubbo service cn.e3mall.search.service.SearchService from url zookeeper://192.168.25.129:2181/com.alibaba.dubbo.registry.RegistryService?anyhost=true&application=e3-search-web&check=false&dubbo=2.5.3&interface=cn.e3mall.search.service.SearchService&methods=search&pid=11036&revision=0.0.1-SNAPSHOT&side=consumer&timeout=600000&timestamp=1506000652749, dubbo version: 2.5.3, current host: 192.168.25.1


[DEBUG] 2017-09-21 21:31:02,314 method:org.springframework.beans.factory.annotation.AutowiredAnnotationBeanPostProcessor.registerDependentBeans(AutowiredAnnotationBeanPostProcessor.java:492)
Autowiring by type from bean name 'searchController' to bean named 'searchService'


[DEBUG] 2017-09-21 21:31:02,315 method:org.springframework.beans.factory.annotation.InjectionMetadata.inject(InjectionMetadata.java:86)
Processing injected element of bean 'searchController': AutowiredFieldElement for private int cn.e3mall.search.controller.SearchController.SEARCH_RESULT_ROWS


[DEBUG] 2017-09-21 21:31:02,315 method:org.springframework.core.env.PropertySourcesPropertyResolver.getProperty(PropertySourcesPropertyResolver.java:81)
Searching for key 'SEARCH_RESULT_ROWS' in [environmentProperties]


[DEBUG] 2017-09-21 21:31:02,315 method:org.springframework.core.env.PropertySourcesPropertyResolver.getProperty(PropertySourcesPropertyResolver.java:81)
Searching for key 'SEARCH_RESULT_ROWS' in [servletConfigInitParams]


[DEBUG] 2017-09-21 21:31:02,315 method:org.springframework.core.env.PropertySourcesPropertyResolver.getProperty(PropertySourcesPropertyResolver.java:81)
Searching for key 'SEARCH_RESULT_ROWS' in [servletContextInitParams]


[DEBUG] 2017-09-21 21:31:02,316 method:org.springframework.core.env.PropertySourcesPropertyResolver.getProperty(PropertySourcesPropertyResolver.java:81)
Searching for key 'SEARCH_RESULT_ROWS' in [jndiProperties]


[DEBUG] 2017-09-21 21:31:02,316 method:org.springframework.jndi.JndiTemplate.lookup(JndiTemplate.java:150)
Looking up JNDI object with name [java:comp/env/SEARCH_RESULT_ROWS]


[DEBUG] 2017-09-21 21:31:02,317 method:org.springframework.jndi.JndiLocatorSupport.lookup(JndiLocatorSupport.java:101)
Converted JNDI name [java:comp/env/SEARCH_RESULT_ROWS] not found - trying original name [SEARCH_RESULT_ROWS]. javax.naming.NameNotFoundException: Name [SEARCH_RESULT_ROWS] is not bound in this Context. Unable to find [SEARCH_RESULT_ROWS].


[DEBUG] 2017-09-21 21:31:02,317 method:org.springframework.jndi.JndiTemplate.lookup(JndiTemplate.java:150)
Looking up JNDI object with name [SEARCH_RESULT_ROWS]


[DEBUG] 2017-09-21 21:31:02,317 method:org.springframework.jndi.JndiPropertySource.getProperty(JndiPropertySource.java:90)
JNDI lookup for name [SEARCH_RESULT_ROWS] threw NamingException with message: Name [SEARCH_RESULT_ROWS] is not bound in this Context. Unable to find [SEARCH_RESULT_ROWS].. Returning null.


[DEBUG] 2017-09-21 21:31:02,317 method:org.springframework.core.env.PropertySourcesPropertyResolver.getProperty(PropertySourcesPropertyResolver.java:81)
Searching for key 'SEARCH_RESULT_ROWS' in [systemProperties]


[DEBUG] 2017-09-21 21:31:02,317 method:org.springframework.core.env.PropertySourcesPropertyResolver.getProperty(PropertySourcesPropertyResolver.java:81)
Searching for key 'SEARCH_RESULT_ROWS' in [systemEnvironment]


[DEBUG] 2017-09-21 21:31:02,318 method:org.springframework.core.env.PropertySourcesPropertyResolver.getProperty(PropertySourcesPropertyResolver.java:103)
Could not find key 'SEARCH_RESULT_ROWS' in any property source. Returning [null]


[DEBUG] 2017-09-21 21:31:02,318 method:org.springframework.core.env.PropertySourcesPropertyResolver.getProperty(PropertySourcesPropertyResolver.java:81)
Searching for key 'SEARCH_RESULT_ROWS' in [localProperties]


[DEBUG] 2017-09-21 21:31:02,318 method:org.springframework.core.env.PropertySourcesPropertyResolver.getProperty(PropertySourcesPropertyResolver.java:90)
Found key 'SEARCH_RESULT_ROWS' in [localProperties] with type [String] and value '60'


[DEBUG] 2017-09-21 21:31:02,324 method:org.springframework.beans.factory.support.AbstractAutowireCapableBeanFactory.createBean(AbstractAutowireCapableBeanFactory.java:484)
Finished creating instance of bean 'searchController'


[DEBUG] 2017-09-21 21:31:02,324 method:org.springframework.beans.factory.support.AbstractBeanFactory.doGetBean(AbstractBeanFactory.java:251)
Returning cached instance of singleton bean 'org.springframework.context.annotation.internalConfigurationAnnotationProcessor'


[DEBUG] 2017-09-21 21:31:02,324 method:org.springframework.beans.factory.support.AbstractBeanFactory.doGetBean(AbstractBeanFactory.java:251)
Returning cached instance of singleton bean 'org.springframework.context.annotation.internalAutowiredAnnotationProcessor'


[DEBUG] 2017-09-21 21:31:02,324 method:org.springframework.beans.factory.support.AbstractBeanFactory.doGetBean(AbstractBeanFactory.java:251)
Returning cached instance of singleton bean 'org.springframework.context.annotation.internalRequiredAnnotationProcessor'


[DEBUG] 2017-09-21 21:31:02,324 method:org.springframework.beans.factory.support.AbstractBeanFactory.doGetBean(AbstractBeanFactory.java:251)
Returning cached instance of singleton bean 'org.springframework.context.annotation.internalCommonAnnotationProcessor'


[DEBUG] 2017-09-21 21:31:02,325 method:org.springframework.beans.factory.support.DefaultSingletonBeanRegistry.getSingleton(DefaultSingletonBeanRegistry.java:221)
Creating shared instance of singleton bean 'org.springframework.context.event.internalEventListenerProcessor'


[DEBUG] 2017-09-21 21:31:02,325 method:org.springframework.beans.factory.support.AbstractAutowireCapableBeanFactory.createBean(AbstractAutowireCapableBeanFactory.java:448)
Creating instance of bean 'org.springframework.context.event.internalEventListenerProcessor'


[DEBUG] 2017-09-21 21:31:02,326 method:org.springframework.beans.factory.support.AbstractAutowireCapableBeanFactory.doCreateBean(AbstractAutowireCapableBeanFactory.java:529)
Eagerly caching bean 'org.springframework.context.event.internalEventListenerProcessor' to allow for resolving potential circular references


[DEBUG] 2017-09-21 21:31:02,327 method:org.springframework.beans.factory.support.AbstractAutowireCapableBeanFactory.createBean(AbstractAutowireCapableBeanFactory.java:484)
Finished creating instance of bean 'org.springframework.context.event.internalEventListenerProcessor'


[DEBUG] 2017-09-21 21:31:02,327 method:org.springframework.beans.factory.support.DefaultSingletonBeanRegistry.getSingleton(DefaultSingletonBeanRegistry.java:221)
Creating shared instance of singleton bean 'org.springframework.context.event.internalEventListenerFactory'


[DEBUG] 2017-09-21 21:31:02,328 method:org.springframework.beans.factory.support.AbstractAutowireCapableBeanFactory.createBean(AbstractAutowireCapableBeanFactory.java:448)
Creating instance of bean 'org.springframework.context.event.internalEventListenerFactory'


[DEBUG] 2017-09-21 21:31:02,328 method:org.springframework.beans.factory.support.AbstractAutowireCapableBeanFactory.doCreateBean(AbstractAutowireCapableBeanFactory.java:529)
Eagerly caching bean 'org.springframework.context.event.internalEventListenerFactory' to allow for resolving potential circular references


[DEBUG] 2017-09-21 21:31:02,330 method:org.springframework.beans.factory.support.AbstractAutowireCapableBeanFactory.createBean(AbstractAutowireCapableBeanFactory.java:484)
Finished creating instance of bean 'org.springframework.context.event.internalEventListenerFactory'


[DEBUG] 2017-09-21 21:31:02,330 method:org.springframework.beans.factory.support.DefaultSingletonBeanRegistry.getSingleton(DefaultSingletonBeanRegistry.java:221)
Creating shared instance of singleton bean 'mvcContentNegotiationManager'


[DEBUG] 2017-09-21 21:31:02,330 method:org.springframework.beans.factory.support.AbstractAutowireCapableBeanFactory.createBean(AbstractAutowireCapableBeanFactory.java:448)
Creating instance of bean 'mvcContentNegotiationManager'


[DEBUG] 2017-09-21 21:31:02,330 method:org.springframework.beans.factory.support.AbstractAutowireCapableBeanFactory.doCreateBean(AbstractAutowireCapableBeanFactory.java:529)
Eagerly caching bean 'mvcContentNegotiationManager' to allow for resolving potential circular references


[DEBUG] 2017-09-21 21:31:02,338 method:org.springframework.beans.factory.support.AbstractAutowireCapableBeanFactory.invokeInitMethods(AbstractAutowireCapableBeanFactory.java:1620)
Invoking afterPropertiesSet() on bean with name 'mvcContentNegotiationManager'


[DEBUG] 2017-09-21 21:31:02,340 method:org.springframework.beans.factory.support.AbstractAutowireCapableBeanFactory.createBean(AbstractAutowireCapableBeanFactory.java:484)
Finished creating instance of bean 'mvcContentNegotiationManager'


[DEBUG] 2017-09-21 21:31:02,340 method:org.springframework.beans.factory.support.DefaultSingletonBeanRegistry.getSingleton(DefaultSingletonBeanRegistry.java:221)
Creating shared instance of singleton bean 'org.springframework.web.servlet.mvc.method.annotation.RequestMappingHandlerMapping'


[DEBUG] 2017-09-21 21:31:02,341 method:org.springframework.beans.factory.support.AbstractAutowireCapableBeanFactory.createBean(AbstractAutowireCapableBeanFactory.java:448)
Creating instance of bean 'org.springframework.web.servlet.mvc.method.annotation.RequestMappingHandlerMapping'


[DEBUG] 2017-09-21 21:31:02,349 method:org.springframework.beans.factory.support.AbstractAutowireCapableBeanFactory.doCreateBean(AbstractAutowireCapableBeanFactory.java:529)
Eagerly caching bean 'org.springframework.web.servlet.mvc.method.annotation.RequestMappingHandlerMapping' to allow for resolving potential circular references


[DEBUG] 2017-09-21 21:31:02,361 method:org.springframework.beans.factory.support.AbstractBeanFactory.doGetBean(AbstractBeanFactory.java:251)
Returning cached instance of singleton bean 'mvcContentNegotiationManager'


[DEBUG] 2017-09-21 21:31:02,362 method:org.springframework.beans.factory.support.DefaultSingletonBeanRegistry.getSingleton(DefaultSingletonBeanRegistry.java:221)
Creating shared instance of singleton bean 'mvcCorsConfigurations'


[DEBUG] 2017-09-21 21:31:02,362 method:org.springframework.beans.factory.support.AbstractAutowireCapableBeanFactory.createBean(AbstractAutowireCapableBeanFactory.java:448)
Creating instance of bean 'mvcCorsConfigurations'


[DEBUG] 2017-09-21 21:31:02,363 method:org.springframework.beans.factory.support.AbstractAutowireCapableBeanFactory.doCreateBean(AbstractAutowireCapableBeanFactory.java:529)
Eagerly caching bean 'mvcCorsConfigurations' to allow for resolving potential circular references


[DEBUG] 2017-09-21 21:31:02,369 method:org.springframework.beans.factory.support.AbstractAutowireCapableBeanFactory.createBean(AbstractAutowireCapableBeanFactory.java:484)
Finished creating instance of bean 'mvcCorsConfigurations'


[DEBUG] 2017-09-21 21:31:02,371 method:org.springframework.beans.factory.support.DefaultSingletonBeanRegistry.getSingleton(DefaultSingletonBeanRegistry.java:221)
Creating shared instance of singleton bean 'org.springframework.web.servlet.handler.MappedInterceptor#0'


[DEBUG] 2017-09-21 21:31:02,371 method:org.springframework.beans.factory.support.AbstractAutowireCapableBeanFactory.createBean(AbstractAutowireCapableBeanFactory.java:448)
Creating instance of bean 'org.springframework.web.servlet.handler.MappedInterceptor#0'


[DEBUG] 2017-09-21 21:31:02,373 method:org.springframework.beans.factory.support.AbstractAutowireCapableBeanFactory.createBean(AbstractAutowireCapableBeanFactory.java:448)
Creating instance of bean '(inner bean)#134afa4'


[DEBUG] 2017-09-21 21:31:02,374 method:org.springframework.beans.factory.support.DefaultSingletonBeanRegistry.getSingleton(DefaultSingletonBeanRegistry.java:221)
Creating shared instance of singleton bean 'org.springframework.format.support.FormattingConversionServiceFactoryBean#0'


[DEBUG] 2017-09-21 21:31:02,374 method:org.springframework.beans.factory.support.AbstractAutowireCapableBeanFactory.createBean(AbstractAutowireCapableBeanFactory.java:448)
Creating instance of bean 'org.springframework.format.support.FormattingConversionServiceFactoryBean#0'


[DEBUG] 2017-09-21 21:31:02,374 method:org.springframework.beans.factory.support.AbstractAutowireCapableBeanFactory.doCreateBean(AbstractAutowireCapableBeanFactory.java:529)
Eagerly caching bean 'org.springframework.format.support.FormattingConversionServiceFactoryBean#0' to allow for resolving potential circular references


[DEBUG] 2017-09-21 21:31:02,377 method:org.springframework.beans.factory.support.AbstractAutowireCapableBeanFactory.invokeInitMethods(AbstractAutowireCapableBeanFactory.java:1620)
Invoking afterPropertiesSet() on bean with name 'org.springframework.format.support.FormattingConversionServiceFactoryBean#0'


[DEBUG] 2017-09-21 21:31:02,407 method:org.springframework.beans.factory.support.AbstractAutowireCapableBeanFactory.createBean(AbstractAutowireCapableBeanFactory.java:484)
Finished creating instance of bean 'org.springframework.format.support.FormattingConversionServiceFactoryBean#0'


[DEBUG] 2017-09-21 21:31:02,413 method:org.springframework.beans.factory.support.AbstractAutowireCapableBeanFactory.createBean(AbstractAutowireCapableBeanFactory.java:484)
Finished creating instance of bean '(inner bean)#134afa4'


[DEBUG] 2017-09-21 21:31:02,415 method:org.springframework.beans.BeanUtils.findEditorByConvention(BeanUtils.java:455)
No property editor [org.springframework.web.context.request.WebRequestInterceptorEditor] found for type org.springframework.web.context.request.WebRequestInterceptor according to 'Editor' suffix convention


[DEBUG] 2017-09-21 21:31:02,416 method:org.springframework.beans.factory.support.AbstractAutowireCapableBeanFactory.doCreateBean(AbstractAutowireCapableBeanFactory.java:529)
Eagerly caching bean 'org.springframework.web.servlet.handler.MappedInterceptor#0' to allow for resolving potential circular references


[DEBUG] 2017-09-21 21:31:02,419 method:org.springframework.beans.factory.support.AbstractAutowireCapableBeanFactory.createBean(AbstractAutowireCapableBeanFactory.java:484)
Finished creating instance of bean 'org.springframework.web.servlet.handler.MappedInterceptor#0'


[DEBUG] 2017-09-21 21:31:02,419 method:org.springframework.beans.factory.support.AbstractAutowireCapableBeanFactory.invokeInitMethods(AbstractAutowireCapableBeanFactory.java:1620)
Invoking afterPropertiesSet() on bean with name 'org.springframework.web.servlet.mvc.method.annotation.RequestMappingHandlerMapping'


[DEBUG] 2017-09-21 21:31:02,419 method:org.springframework.web.servlet.handler.AbstractHandlerMethodMapping.initHandlerMethods(AbstractHandlerMethodMapping.java:172)
Looking for request mappings in application context: WebApplicationContext for namespace 'e3-search-web-servlet': startup date [Thu Sep 21 21:30:52 CST 2017]; root of context hierarchy


[DEBUG] 2017-09-21 21:31:02,541 method:org.springframework.web.servlet.handler.AbstractHandlerMethodMapping.detectHandlerMethods(AbstractHandlerMethodMapping.java:223)
1 request handler methods found on class cn.e3mall.search.controller.SearchController: {public java.lang.String cn.e3mall.search.controller.SearchController.searchItemList(java.lang.String,java.lang.Integer,org.springframework.ui.Model) throws java.lang.Exception={[/search]}}


[INFO ] 2017-09-21 21:31:02,541 method:org.springframework.web.servlet.handler.AbstractHandlerMethodMapping$MappingRegistry.register(AbstractHandlerMethodMapping.java:527)
Mapped "{[/search]}" onto public java.lang.String cn.e3mall.search.controller.SearchController.searchItemList(java.lang.String,java.lang.Integer,org.springframework.ui.Model) throws java.lang.Exception


[DEBUG] 2017-09-21 21:31:02,543 method:org.springframework.beans.factory.support.AbstractAutowireCapableBeanFactory.createBean(AbstractAutowireCapableBeanFactory.java:484)
Finished creating instance of bean 'org.springframework.web.servlet.mvc.method.annotation.RequestMappingHandlerMapping'


[DEBUG] 2017-09-21 21:31:02,543 method:org.springframework.beans.factory.support.AbstractBeanFactory.doGetBean(AbstractBeanFactory.java:251)
Returning cached instance of singleton bean 'mvcCorsConfigurations'


[DEBUG] 2017-09-21 21:31:02,543 method:org.springframework.beans.factory.support.AbstractBeanFactory.doGetBean(AbstractBeanFactory.java:251)
Returning cached instance of singleton bean 'org.springframework.format.support.FormattingConversionServiceFactoryBean#0'


[DEBUG] 2017-09-21 21:31:02,543 method:org.springframework.beans.factory.support.DefaultSingletonBeanRegistry.getSingleton(DefaultSingletonBeanRegistry.java:221)
Creating shared instance of singleton bean 'org.springframework.web.servlet.mvc.method.annotation.RequestMappingHandlerAdapter'


[DEBUG] 2017-09-21 21:31:02,543 method:org.springframework.beans.factory.support.AbstractAutowireCapableBeanFactory.createBean(AbstractAutowireCapableBeanFactory.java:448)
Creating instance of bean 'org.springframework.web.servlet.mvc.method.annotation.RequestMappingHandlerAdapter'


[DEBUG] 2017-09-21 21:31:02,702 method:org.springframework.beans.factory.support.AbstractAutowireCapableBeanFactory.doCreateBean(AbstractAutowireCapableBeanFactory.java:529)
Eagerly caching bean 'org.springframework.web.servlet.mvc.method.annotation.RequestMappingHandlerAdapter' to allow for resolving potential circular references


[DEBUG] 2017-09-21 21:31:02,715 method:org.springframework.beans.factory.support.AbstractBeanFactory.doGetBean(AbstractBeanFactory.java:251)
Returning cached instance of singleton bean 'mvcContentNegotiationManager'


[DEBUG] 2017-09-21 21:31:02,715 method:org.springframework.beans.factory.support.AbstractAutowireCapableBeanFactory.createBean(AbstractAutowireCapableBeanFactory.java:448)
Creating instance of bean '(inner bean)#144a201'


[DEBUG] 2017-09-21 21:31:02,723 method:org.springframework.beans.factory.support.AbstractBeanFactory.doGetBean(AbstractBeanFactory.java:251)
Returning cached instance of singleton bean 'org.springframework.format.support.FormattingConversionServiceFactoryBean#0'


[DEBUG] 2017-09-21 21:31:02,723 method:org.springframework.beans.factory.support.AbstractAutowireCapableBeanFactory.createBean(AbstractAutowireCapableBeanFactory.java:484)
Finished creating instance of bean '(inner bean)#144a201'


[DEBUG] 2017-09-21 21:31:02,724 method:org.springframework.beans.factory.support.AbstractAutowireCapableBeanFactory.createBean(AbstractAutowireCapableBeanFactory.java:448)
Creating instance of bean '(inner bean)#cb1655'


[DEBUG] 2017-09-21 21:31:02,731 method:org.springframework.beans.factory.support.AbstractAutowireCapableBeanFactory.createBean(AbstractAutowireCapableBeanFactory.java:484)
Finished creating instance of bean '(inner bean)#cb1655'


[DEBUG] 2017-09-21 21:31:02,731 method:org.springframework.beans.factory.support.AbstractAutowireCapableBeanFactory.createBean(AbstractAutowireCapableBeanFactory.java:448)
Creating instance of bean '(inner bean)#134d86b'


[DEBUG] 2017-09-21 21:31:02,734 method:org.springframework.beans.factory.support.AbstractAutowireCapableBeanFactory.createBean(AbstractAutowireCapableBeanFactory.java:484)
Finished creating instance of bean '(inner bean)#134d86b'


[DEBUG] 2017-09-21 21:31:02,735 method:org.springframework.beans.factory.support.AbstractAutowireCapableBeanFactory.createBean(AbstractAutowireCapableBeanFactory.java:448)
Creating instance of bean '(inner bean)#f5d77e'


[DEBUG] 2017-09-21 21:31:02,737 method:org.springframework.beans.factory.support.AbstractAutowireCapableBeanFactory.createBean(AbstractAutowireCapableBeanFactory.java:484)
Finished creating instance of bean '(inner bean)#f5d77e'


[DEBUG] 2017-09-21 21:31:02,737 method:org.springframework.beans.factory.support.AbstractAutowireCapableBeanFactory.createBean(AbstractAutowireCapableBeanFactory.java:448)
Creating instance of bean '(inner bean)#cf90fc'


[DEBUG] 2017-09-21 21:31:02,740 method:org.springframework.beans.factory.support.AbstractAutowireCapableBeanFactory.createBean(AbstractAutowireCapableBeanFactory.java:484)
Finished creating instance of bean '(inner bean)#cf90fc'


[DEBUG] 2017-09-21 21:31:02,740 method:org.springframework.beans.factory.support.AbstractAutowireCapableBeanFactory.createBean(AbstractAutowireCapableBeanFactory.java:448)
Creating instance of bean '(inner bean)#292dc2'


[DEBUG] 2017-09-21 21:31:02,747 method:org.springframework.beans.factory.support.AbstractAutowireCapableBeanFactory.createBean(AbstractAutowireCapableBeanFactory.java:484)
Finished creating instance of bean '(inner bean)#292dc2'


[DEBUG] 2017-09-21 21:31:02,747 method:org.springframework.beans.factory.support.AbstractAutowireCapableBeanFactory.createBean(AbstractAutowireCapableBeanFactory.java:448)
Creating instance of bean '(inner bean)#12773ef'


[DEBUG] 2017-09-21 21:31:02,762 method:org.springframework.beans.factory.support.AbstractAutowireCapableBeanFactory.createBean(AbstractAutowireCapableBeanFactory.java:484)
Finished creating instance of bean '(inner bean)#12773ef'


[DEBUG] 2017-09-21 21:31:02,762 method:org.springframework.beans.factory.support.AbstractAutowireCapableBeanFactory.createBean(AbstractAutowireCapableBeanFactory.java:448)
Creating instance of bean '(inner bean)#1d7c915'


[DEBUG] 2017-09-21 21:31:02,763 method:org.springframework.beans.factory.support.AbstractAutowireCapableBeanFactory.createBean(AbstractAutowireCapableBeanFactory.java:448)
Creating instance of bean '(inner bean)#edb45e'


[DEBUG] 2017-09-21 21:31:02,767 method:org.springframework.beans.factory.support.AbstractAutowireCapableBeanFactory.invokeInitMethods(AbstractAutowireCapableBeanFactory.java:1620)
Invoking afterPropertiesSet() on bean with name '(inner bean)#edb45e'


[DEBUG] 2017-09-21 21:31:02,769 method:org.springframework.beans.factory.support.AbstractAutowireCapableBeanFactory.createBean(AbstractAutowireCapableBeanFactory.java:484)
Finished creating instance of bean '(inner bean)#edb45e'


[DEBUG] 2017-09-21 21:31:02,775 method:org.springframework.beans.factory.support.AbstractAutowireCapableBeanFactory.createBean(AbstractAutowireCapableBeanFactory.java:484)
Finished creating instance of bean '(inner bean)#1d7c915'


[DEBUG] 2017-09-21 21:31:02,775 method:org.springframework.beans.factory.support.AbstractAutowireCapableBeanFactory.createBean(AbstractAutowireCapableBeanFactory.java:448)
Creating instance of bean '(inner bean)#347a9'


[DEBUG] 2017-09-21 21:31:02,779 method:org.springframework.beans.factory.support.AbstractAutowireCapableBeanFactory.createBean(AbstractAutowireCapableBeanFactory.java:484)
Finished creating instance of bean '(inner bean)#347a9'


[DEBUG] 2017-09-21 21:31:02,779 method:org.springframework.beans.factory.support.AbstractAutowireCapableBeanFactory.createBean(AbstractAutowireCapableBeanFactory.java:448)
Creating instance of bean '(inner bean)#e34532'


[DEBUG] 2017-09-21 21:31:02,783 method:org.springframework.beans.factory.support.AbstractAutowireCapableBeanFactory.createBean(AbstractAutowireCapableBeanFactory.java:484)
Finished creating instance of bean '(inner bean)#e34532'


[DEBUG] 2017-09-21 21:31:02,784 method:org.springframework.beans.factory.support.AbstractAutowireCapableBeanFactory.invokeInitMethods(AbstractAutowireCapableBeanFactory.java:1620)
Invoking afterPropertiesSet() on bean with name 'org.springframework.web.servlet.mvc.method.annotation.RequestMappingHandlerAdapter'


[INFO ] 2017-09-21 21:31:02,784 method:org.springframework.web.servlet.mvc.method.annotation.RequestMappingHandlerAdapter.initControllerAdviceCache(RequestMappingHandlerAdapter.java:532)
Looking for @ControllerAdvice: WebApplicationContext for namespace 'e3-search-web-servlet': startup date [Thu Sep 21 21:30:52 CST 2017]; root of context hierarchy


[DEBUG] 2017-09-21 21:31:02,803 method:org.springframework.beans.factory.support.AbstractAutowireCapableBeanFactory.createBean(AbstractAutowireCapableBeanFactory.java:484)
Finished creating instance of bean 'org.springframework.web.servlet.mvc.method.annotation.RequestMappingHandlerAdapter'


[DEBUG] 2017-09-21 21:31:02,803 method:org.springframework.beans.factory.support.DefaultSingletonBeanRegistry.getSingleton(DefaultSingletonBeanRegistry.java:221)
Creating shared instance of singleton bean 'mvcUriComponentsContributor'


[DEBUG] 2017-09-21 21:31:02,803 method:org.springframework.beans.factory.support.AbstractAutowireCapableBeanFactory.createBean(AbstractAutowireCapableBeanFactory.java:448)
Creating instance of bean 'mvcUriComponentsContributor'


[DEBUG] 2017-09-21 21:31:02,804 method:org.springframework.beans.factory.support.AbstractAutowireCapableBeanFactory.doCreateBean(AbstractAutowireCapableBeanFactory.java:529)
Eagerly caching bean 'mvcUriComponentsContributor' to allow for resolving potential circular references


[DEBUG] 2017-09-21 21:31:02,806 method:org.springframework.beans.factory.support.AbstractAutowireCapableBeanFactory.createBean(AbstractAutowireCapableBeanFactory.java:448)
Creating instance of bean '(inner bean)#461582'


[DEBUG] 2017-09-21 21:31:02,816 method:org.springframework.beans.factory.support.AbstractBeanFactory.doGetBean(AbstractBeanFactory.java:251)
Returning cached instance of singleton bean 'mvcContentNegotiationManager'


[DEBUG] 2017-09-21 21:31:02,817 method:org.springframework.beans.factory.support.AbstractAutowireCapableBeanFactory.createBean(AbstractAutowireCapableBeanFactory.java:448)
Creating instance of bean '(inner bean)#144a201#1'


[DEBUG] 2017-09-21 21:31:02,817 method:org.springframework.beans.factory.support.AbstractBeanFactory.doGetBean(AbstractBeanFactory.java:251)
Returning cached instance of singleton bean 'org.springframework.format.support.FormattingConversionServiceFactoryBean#0'


[DEBUG] 2017-09-21 21:31:02,819 method:org.springframework.beans.factory.support.AbstractAutowireCapableBeanFactory.createBean(AbstractAutowireCapableBeanFactory.java:484)
Finished creating instance of bean '(inner bean)#144a201#1'


[DEBUG] 2017-09-21 21:31:02,819 method:org.springframework.beans.factory.support.AbstractAutowireCapableBeanFactory.createBean(AbstractAutowireCapableBeanFactory.java:448)
Creating instance of bean '(inner bean)#cb1655#1'


[DEBUG] 2017-09-21 21:31:02,821 method:org.springframework.beans.factory.support.AbstractAutowireCapableBeanFactory.createBean(AbstractAutowireCapableBeanFactory.java:484)
Finished creating instance of bean '(inner bean)#cb1655#1'


[DEBUG] 2017-09-21 21:31:02,821 method:org.springframework.beans.factory.support.AbstractAutowireCapableBeanFactory.createBean(AbstractAutowireCapableBeanFactory.java:448)
Creating instance of bean '(inner bean)#134d86b#1'


[DEBUG] 2017-09-21 21:31:02,822 method:org.springframework.beans.factory.support.AbstractAutowireCapableBeanFactory.createBean(AbstractAutowireCapableBeanFactory.java:484)
Finished creating instance of bean '(inner bean)#134d86b#1'


[DEBUG] 2017-09-21 21:31:02,822 method:org.springframework.beans.factory.support.AbstractAutowireCapableBeanFactory.createBean(AbstractAutowireCapableBeanFactory.java:448)
Creating instance of bean '(inner bean)#f5d77e#1'


[DEBUG] 2017-09-21 21:31:02,823 method:org.springframework.beans.factory.support.AbstractAutowireCapableBeanFactory.createBean(AbstractAutowireCapableBeanFactory.java:484)
Finished creating instance of bean '(inner bean)#f5d77e#1'


[DEBUG] 2017-09-21 21:31:02,823 method:org.springframework.beans.factory.support.AbstractAutowireCapableBeanFactory.createBean(AbstractAutowireCapableBeanFactory.java:448)
Creating instance of bean '(inner bean)#cf90fc#1'


[DEBUG] 2017-09-21 21:31:02,824 method:org.springframework.beans.factory.support.AbstractAutowireCapableBeanFactory.createBean(AbstractAutowireCapableBeanFactory.java:484)
Finished creating instance of bean '(inner bean)#cf90fc#1'


[DEBUG] 2017-09-21 21:31:02,824 method:org.springframework.beans.factory.support.AbstractAutowireCapableBeanFactory.createBean(AbstractAutowireCapableBeanFactory.java:448)
Creating instance of bean '(inner bean)#292dc2#1'


[DEBUG] 2017-09-21 21:31:02,827 method:org.springframework.beans.factory.support.AbstractAutowireCapableBeanFactory.createBean(AbstractAutowireCapableBeanFactory.java:484)
Finished creating instance of bean '(inner bean)#292dc2#1'


[DEBUG] 2017-09-21 21:31:02,828 method:org.springframework.beans.factory.support.AbstractAutowireCapableBeanFactory.createBean(AbstractAutowireCapableBeanFactory.java:448)
Creating instance of bean '(inner bean)#12773ef#1'


[DEBUG] 2017-09-21 21:31:02,829 method:org.springframework.beans.factory.support.AbstractAutowireCapableBeanFactory.createBean(AbstractAutowireCapableBeanFactory.java:484)
Finished creating instance of bean '(inner bean)#12773ef#1'


[DEBUG] 2017-09-21 21:31:02,829 method:org.springframework.beans.factory.support.AbstractAutowireCapableBeanFactory.createBean(AbstractAutowireCapableBeanFactory.java:448)
Creating instance of bean '(inner bean)#1d7c915#1'


[DEBUG] 2017-09-21 21:31:02,829 method:org.springframework.beans.factory.support.AbstractAutowireCapableBeanFactory.createBean(AbstractAutowireCapableBeanFactory.java:448)
Creating instance of bean '(inner bean)#edb45e#1'


[DEBUG] 2017-09-21 21:31:02,829 method:org.springframework.beans.factory.support.AbstractAutowireCapableBeanFactory.invokeInitMethods(AbstractAutowireCapableBeanFactory.java:1620)
Invoking afterPropertiesSet() on bean with name '(inner bean)#edb45e#1'


[DEBUG] 2017-09-21 21:31:02,832 method:org.springframework.beans.factory.support.AbstractAutowireCapableBeanFactory.createBean(AbstractAutowireCapableBeanFactory.java:484)
Finished creating instance of bean '(inner bean)#edb45e#1'


[DEBUG] 2017-09-21 21:31:02,832 method:org.springframework.beans.factory.support.AbstractAutowireCapableBeanFactory.createBean(AbstractAutowireCapableBeanFactory.java:484)
Finished creating instance of bean '(inner bean)#1d7c915#1'


[DEBUG] 2017-09-21 21:31:02,832 method:org.springframework.beans.factory.support.AbstractAutowireCapableBeanFactory.createBean(AbstractAutowireCapableBeanFactory.java:448)
Creating instance of bean '(inner bean)#347a9#1'


[DEBUG] 2017-09-21 21:31:02,832 method:org.springframework.beans.factory.support.AbstractAutowireCapableBeanFactory.createBean(AbstractAutowireCapableBeanFactory.java:484)
Finished creating instance of bean '(inner bean)#347a9#1'


[DEBUG] 2017-09-21 21:31:02,833 method:org.springframework.beans.factory.support.AbstractAutowireCapableBeanFactory.createBean(AbstractAutowireCapableBeanFactory.java:448)
Creating instance of bean '(inner bean)#e34532#1'


[DEBUG] 2017-09-21 21:31:02,833 method:org.springframework.beans.factory.support.AbstractAutowireCapableBeanFactory.createBean(AbstractAutowireCapableBeanFactory.java:484)
Finished creating instance of bean '(inner bean)#e34532#1'


[DEBUG] 2017-09-21 21:31:02,834 method:org.springframework.beans.factory.support.AbstractAutowireCapableBeanFactory.invokeInitMethods(AbstractAutowireCapableBeanFactory.java:1620)
Invoking afterPropertiesSet() on bean with name '(inner bean)#461582'


[INFO ] 2017-09-21 21:31:02,834 method:org.springframework.web.servlet.mvc.method.annotation.RequestMappingHandlerAdapter.initControllerAdviceCache(RequestMappingHandlerAdapter.java:532)
Looking for @ControllerAdvice: WebApplicationContext for namespace 'e3-search-web-servlet': startup date [Thu Sep 21 21:30:52 CST 2017]; root of context hierarchy


[DEBUG] 2017-09-21 21:31:02,835 method:org.springframework.beans.factory.support.AbstractBeanFactory.doGetBean(AbstractBeanFactory.java:247)
Returning eagerly cached instance of singleton bean 'mvcUriComponentsContributor' that is not fully initialized yet - a consequence of a circular reference


[DEBUG] 2017-09-21 21:31:02,836 method:org.springframework.beans.factory.support.AbstractAutowireCapableBeanFactory.createBean(AbstractAutowireCapableBeanFactory.java:484)
Finished creating instance of bean '(inner bean)#461582'


[DEBUG] 2017-09-21 21:31:02,836 method:org.springframework.beans.factory.support.AbstractBeanFactory.doGetBean(AbstractBeanFactory.java:251)
Returning cached instance of singleton bean 'org.springframework.format.support.FormattingConversionServiceFactoryBean#0'


[DEBUG] 2017-09-21 21:31:02,836 method:org.springframework.beans.factory.support.AbstractAutowireCapableBeanFactory.invokeInitMethods(AbstractAutowireCapableBeanFactory.java:1620)
Invoking afterPropertiesSet() on bean with name 'mvcUriComponentsContributor'


[DEBUG] 2017-09-21 21:31:02,836 method:org.springframework.beans.factory.support.AbstractAutowireCapableBeanFactory.createBean(AbstractAutowireCapableBeanFactory.java:484)
Finished creating instance of bean 'mvcUriComponentsContributor'


[DEBUG] 2017-09-21 21:31:02,836 method:org.springframework.beans.factory.support.AbstractBeanFactory.doGetBean(AbstractBeanFactory.java:251)
Returning cached instance of singleton bean 'org.springframework.web.servlet.handler.MappedInterceptor#0'


[DEBUG] 2017-09-21 21:31:02,836 method:org.springframework.beans.factory.support.DefaultSingletonBeanRegistry.getSingleton(DefaultSingletonBeanRegistry.java:221)
Creating shared instance of singleton bean 'org.springframework.web.servlet.mvc.method.annotation.ExceptionHandlerExceptionResolver#0'


[DEBUG] 2017-09-21 21:31:02,837 method:org.springframework.beans.factory.support.AbstractAutowireCapableBeanFactory.createBean(AbstractAutowireCapableBeanFactory.java:448)
Creating instance of bean 'org.springframework.web.servlet.mvc.method.annotation.ExceptionHandlerExceptionResolver#0'


[DEBUG] 2017-09-21 21:31:02,841 method:org.springframework.beans.factory.support.AbstractAutowireCapableBeanFactory.doCreateBean(AbstractAutowireCapableBeanFactory.java:529)
Eagerly caching bean 'org.springframework.web.servlet.mvc.method.annotation.ExceptionHandlerExceptionResolver#0' to allow for resolving potential circular references


[DEBUG] 2017-09-21 21:31:02,846 method:org.springframework.beans.factory.support.AbstractBeanFactory.doGetBean(AbstractBeanFactory.java:251)
Returning cached instance of singleton bean 'mvcContentNegotiationManager'


[DEBUG] 2017-09-21 21:31:02,847 method:org.springframework.beans.factory.support.AbstractAutowireCapableBeanFactory.createBean(AbstractAutowireCapableBeanFactory.java:448)
Creating instance of bean '(inner bean)#cb1655#2'


[DEBUG] 2017-09-21 21:31:02,847 method:org.springframework.beans.factory.support.AbstractAutowireCapableBeanFactory.createBean(AbstractAutowireCapableBeanFactory.java:484)
Finished creating instance of bean '(inner bean)#cb1655#2'


[DEBUG] 2017-09-21 21:31:02,847 method:org.springframework.beans.factory.support.AbstractAutowireCapableBeanFactory.createBean(AbstractAutowireCapableBeanFactory.java:448)
Creating instance of bean '(inner bean)#134d86b#2'


[DEBUG] 2017-09-21 21:31:02,848 method:org.springframework.beans.factory.support.AbstractAutowireCapableBeanFactory.createBean(AbstractAutowireCapableBeanFactory.java:484)
Finished creating instance of bean '(inner bean)#134d86b#2'


[DEBUG] 2017-09-21 21:31:02,848 method:org.springframework.beans.factory.support.AbstractAutowireCapableBeanFactory.createBean(AbstractAutowireCapableBeanFactory.java:448)
Creating instance of bean '(inner bean)#f5d77e#2'


[DEBUG] 2017-09-21 21:31:02,849 method:org.springframework.beans.factory.support.AbstractAutowireCapableBeanFactory.createBean(AbstractAutowireCapableBeanFactory.java:484)
Finished creating instance of bean '(inner bean)#f5d77e#2'


[DEBUG] 2017-09-21 21:31:02,849 method:org.springframework.beans.factory.support.AbstractAutowireCapableBeanFactory.createBean(AbstractAutowireCapableBeanFactory.java:448)
Creating instance of bean '(inner bean)#cf90fc#2'


[DEBUG] 2017-09-21 21:31:02,850 method:org.springframework.beans.factory.support.AbstractAutowireCapableBeanFactory.createBean(AbstractAutowireCapableBeanFactory.java:484)
Finished creating instance of bean '(inner bean)#cf90fc#2'


[DEBUG] 2017-09-21 21:31:02,851 method:org.springframework.beans.factory.support.AbstractAutowireCapableBeanFactory.createBean(AbstractAutowireCapableBeanFactory.java:448)
Creating instance of bean '(inner bean)#292dc2#2'


[DEBUG] 2017-09-21 21:31:02,854 method:org.springframework.beans.factory.support.AbstractAutowireCapableBeanFactory.createBean(AbstractAutowireCapableBeanFactory.java:484)
Finished creating instance of bean '(inner bean)#292dc2#2'


[DEBUG] 2017-09-21 21:31:02,855 method:org.springframework.beans.factory.support.AbstractAutowireCapableBeanFactory.createBean(AbstractAutowireCapableBeanFactory.java:448)
Creating instance of bean '(inner bean)#12773ef#2'


[DEBUG] 2017-09-21 21:31:02,855 method:org.springframework.beans.factory.support.AbstractAutowireCapableBeanFactory.createBean(AbstractAutowireCapableBeanFactory.java:484)
Finished creating instance of bean '(inner bean)#12773ef#2'


[DEBUG] 2017-09-21 21:31:02,856 method:org.springframework.beans.factory.support.AbstractAutowireCapableBeanFactory.createBean(AbstractAutowireCapableBeanFactory.java:448)
Creating instance of bean '(inner bean)#1d7c915#2'


[DEBUG] 2017-09-21 21:31:02,856 method:org.springframework.beans.factory.support.AbstractAutowireCapableBeanFactory.createBean(AbstractAutowireCapableBeanFactory.java:448)
Creating instance of bean '(inner bean)#edb45e#2'


[DEBUG] 2017-09-21 21:31:02,856 method:org.springframework.beans.factory.support.AbstractAutowireCapableBeanFactory.invokeInitMethods(AbstractAutowireCapableBeanFactory.java:1620)
Invoking afterPropertiesSet() on bean with name '(inner bean)#edb45e#2'


[DEBUG] 2017-09-21 21:31:02,858 method:org.springframework.beans.factory.support.AbstractAutowireCapableBeanFactory.createBean(AbstractAutowireCapableBeanFactory.java:484)
Finished creating instance of bean '(inner bean)#edb45e#2'


[DEBUG] 2017-09-21 21:31:02,858 method:org.springframework.beans.factory.support.AbstractAutowireCapableBeanFactory.createBean(AbstractAutowireCapableBeanFactory.java:484)
Finished creating instance of bean '(inner bean)#1d7c915#2'


[DEBUG] 2017-09-21 21:31:02,859 method:org.springframework.beans.factory.support.AbstractAutowireCapableBeanFactory.createBean(AbstractAutowireCapableBeanFactory.java:448)
Creating instance of bean '(inner bean)#bd8849'


[DEBUG] 2017-09-21 21:31:02,859 method:org.springframework.beans.factory.support.AbstractAutowireCapableBeanFactory.createBean(AbstractAutowireCapableBeanFactory.java:484)
Finished creating instance of bean '(inner bean)#bd8849'


[DEBUG] 2017-09-21 21:31:02,860 method:org.springframework.beans.factory.support.AbstractAutowireCapableBeanFactory.invokeInitMethods(AbstractAutowireCapableBeanFactory.java:1620)
Invoking afterPropertiesSet() on bean with name 'org.springframework.web.servlet.mvc.method.annotation.ExceptionHandlerExceptionResolver#0'


[DEBUG] 2017-09-21 21:31:02,860 method:org.springframework.web.servlet.mvc.method.annotation.ExceptionHandlerExceptionResolver.initExceptionHandlerAdviceCache(ExceptionHandlerExceptionResolver.java:257)
Looking for exception mappings: WebApplicationContext for namespace 'e3-search-web-servlet': startup date [Thu Sep 21 21:30:52 CST 2017]; root of context hierarchy


[DEBUG] 2017-09-21 21:31:02,860 method:org.springframework.beans.factory.support.AbstractAutowireCapableBeanFactory.createBean(AbstractAutowireCapableBeanFactory.java:484)
Finished creating instance of bean 'org.springframework.web.servlet.mvc.method.annotation.ExceptionHandlerExceptionResolver#0'


[DEBUG] 2017-09-21 21:31:02,860 method:org.springframework.beans.factory.support.DefaultSingletonBeanRegistry.getSingleton(DefaultSingletonBeanRegistry.java:221)
Creating shared instance of singleton bean 'org.springframework.web.servlet.mvc.annotation.ResponseStatusExceptionResolver#0'


[DEBUG] 2017-09-21 21:31:02,861 method:org.springframework.beans.factory.support.AbstractAutowireCapableBeanFactory.createBean(AbstractAutowireCapableBeanFactory.java:448)
Creating instance of bean 'org.springframework.web.servlet.mvc.annotation.ResponseStatusExceptionResolver#0'


[DEBUG] 2017-09-21 21:31:02,861 method:org.springframework.beans.factory.support.AbstractAutowireCapableBeanFactory.doCreateBean(AbstractAutowireCapableBeanFactory.java:529)
Eagerly caching bean 'org.springframework.web.servlet.mvc.annotation.ResponseStatusExceptionResolver#0' to allow for resolving potential circular references


[DEBUG] 2017-09-21 21:31:02,863 method:org.springframework.beans.factory.support.AbstractAutowireCapableBeanFactory.createBean(AbstractAutowireCapableBeanFactory.java:484)
Finished creating instance of bean 'org.springframework.web.servlet.mvc.annotation.ResponseStatusExceptionResolver#0'


[DEBUG] 2017-09-21 21:31:02,863 method:org.springframework.beans.factory.support.DefaultSingletonBeanRegistry.getSingleton(DefaultSingletonBeanRegistry.java:221)
Creating shared instance of singleton bean 'org.springframework.web.servlet.mvc.support.DefaultHandlerExceptionResolver#0'


[DEBUG] 2017-09-21 21:31:02,863 method:org.springframework.beans.factory.support.AbstractAutowireCapableBeanFactory.createBean(AbstractAutowireCapableBeanFactory.java:448)
Creating instance of bean 'org.springframework.web.servlet.mvc.support.DefaultHandlerExceptionResolver#0'


[DEBUG] 2017-09-21 21:31:02,863 method:org.springframework.beans.factory.support.AbstractAutowireCapableBeanFactory.doCreateBean(AbstractAutowireCapableBeanFactory.java:529)
Eagerly caching bean 'org.springframework.web.servlet.mvc.support.DefaultHandlerExceptionResolver#0' to allow for resolving potential circular references


[DEBUG] 2017-09-21 21:31:02,865 method:org.springframework.beans.factory.support.AbstractAutowireCapableBeanFactory.createBean(AbstractAutowireCapableBeanFactory.java:484)
Finished creating instance of bean 'org.springframework.web.servlet.mvc.support.DefaultHandlerExceptionResolver#0'


[DEBUG] 2017-09-21 21:31:02,865 method:org.springframework.beans.factory.support.DefaultSingletonBeanRegistry.getSingleton(DefaultSingletonBeanRegistry.java:221)
Creating shared instance of singleton bean 'org.springframework.web.servlet.handler.BeanNameUrlHandlerMapping'


[DEBUG] 2017-09-21 21:31:02,865 method:org.springframework.beans.factory.support.AbstractAutowireCapableBeanFactory.createBean(AbstractAutowireCapableBeanFactory.java:448)
Creating instance of bean 'org.springframework.web.servlet.handler.BeanNameUrlHandlerMapping'


[DEBUG] 2017-09-21 21:31:02,865 method:org.springframework.beans.factory.support.AbstractAutowireCapableBeanFactory.doCreateBean(AbstractAutowireCapableBeanFactory.java:529)
Eagerly caching bean 'org.springframework.web.servlet.handler.BeanNameUrlHandlerMapping' to allow for resolving potential circular references


[DEBUG] 2017-09-21 21:31:02,870 method:org.springframework.beans.factory.support.AbstractBeanFactory.doGetBean(AbstractBeanFactory.java:251)
Returning cached instance of singleton bean 'mvcCorsConfigurations'


[DEBUG] 2017-09-21 21:31:02,870 method:org.springframework.beans.factory.support.AbstractBeanFactory.doGetBean(AbstractBeanFactory.java:251)
Returning cached instance of singleton bean 'org.springframework.web.servlet.handler.MappedInterceptor#0'


[DEBUG] 2017-09-21 21:31:02,871 method:org.springframework.web.servlet.handler.AbstractDetectingUrlHandlerMapping.detectHandlers(AbstractDetectingUrlHandlerMapping.java:71)
Looking for URL mappings in application context: WebApplicationContext for namespace 'e3-search-web-servlet': startup date [Thu Sep 21 21:30:52 CST 2017]; root of context hierarchy


[DEBUG] 2017-09-21 21:31:02,871 method:org.springframework.web.servlet.handler.AbstractDetectingUrlHandlerMapping.detectHandlers(AbstractDetectingUrlHandlerMapping.java:86)
Rejected bean name 'org.springframework.context.support.PropertySourcesPlaceholderConfigurer#0': no URL paths identified


[DEBUG] 2017-09-21 21:31:02,871 method:org.springframework.web.servlet.handler.AbstractDetectingUrlHandlerMapping.detectHandlers(AbstractDetectingUrlHandlerMapping.java:86)
Rejected bean name 'searchController': no URL paths identified


[DEBUG] 2017-09-21 21:31:02,871 method:org.springframework.web.servlet.handler.AbstractDetectingUrlHandlerMapping.detectHandlers(AbstractDetectingUrlHandlerMapping.java:86)
Rejected bean name 'org.springframework.context.annotation.internalConfigurationAnnotationProcessor': no URL paths identified


[DEBUG] 2017-09-21 21:31:02,871 method:org.springframework.web.servlet.handler.AbstractDetectingUrlHandlerMapping.detectHandlers(AbstractDetectingUrlHandlerMapping.java:86)
Rejected bean name 'org.springframework.context.annotation.internalAutowiredAnnotationProcessor': no URL paths identified


[DEBUG] 2017-09-21 21:31:02,871 method:org.springframework.web.servlet.handler.AbstractDetectingUrlHandlerMapping.detectHandlers(AbstractDetectingUrlHandlerMapping.java:86)
Rejected bean name 'org.springframework.context.annotation.internalRequiredAnnotationProcessor': no URL paths identified


[DEBUG] 2017-09-21 21:31:02,871 method:org.springframework.web.servlet.handler.AbstractDetectingUrlHandlerMapping.detectHandlers(AbstractDetectingUrlHandlerMapping.java:86)
Rejected bean name 'org.springframework.context.annotation.internalCommonAnnotationProcessor': no URL paths identified


[DEBUG] 2017-09-21 21:31:02,871 method:org.springframework.web.servlet.handler.AbstractDetectingUrlHandlerMapping.detectHandlers(AbstractDetectingUrlHandlerMapping.java:86)
Rejected bean name 'org.springframework.context.event.internalEventListenerProcessor': no URL paths identified


[DEBUG] 2017-09-21 21:31:02,872 method:org.springframework.web.servlet.handler.AbstractDetectingUrlHandlerMapping.detectHandlers(AbstractDetectingUrlHandlerMapping.java:86)
Rejected bean name 'org.springframework.context.event.internalEventListenerFactory': no URL paths identified


[DEBUG] 2017-09-21 21:31:02,872 method:org.springframework.web.servlet.handler.AbstractDetectingUrlHandlerMapping.detectHandlers(AbstractDetectingUrlHandlerMapping.java:86)
Rejected bean name 'mvcContentNegotiationManager': no URL paths identified


[DEBUG] 2017-09-21 21:31:02,872 method:org.springframework.web.servlet.handler.AbstractDetectingUrlHandlerMapping.detectHandlers(AbstractDetectingUrlHandlerMapping.java:86)
Rejected bean name 'org.springframework.web.servlet.mvc.method.annotation.RequestMappingHandlerMapping': no URL paths identified


[DEBUG] 2017-09-21 21:31:02,872 method:org.springframework.web.servlet.handler.AbstractDetectingUrlHandlerMapping.detectHandlers(AbstractDetectingUrlHandlerMapping.java:86)
Rejected bean name 'mvcCorsConfigurations': no URL paths identified


[DEBUG] 2017-09-21 21:31:02,872 method:org.springframework.web.servlet.handler.AbstractDetectingUrlHandlerMapping.detectHandlers(AbstractDetectingUrlHandlerMapping.java:86)
Rejected bean name 'org.springframework.format.support.FormattingConversionServiceFactoryBean#0': no URL paths identified


[DEBUG] 2017-09-21 21:31:02,872 method:org.springframework.web.servlet.handler.AbstractDetectingUrlHandlerMapping.detectHandlers(AbstractDetectingUrlHandlerMapping.java:86)
Rejected bean name 'org.springframework.web.servlet.mvc.method.annotation.RequestMappingHandlerAdapter': no URL paths identified


[DEBUG] 2017-09-21 21:31:02,872 method:org.springframework.web.servlet.handler.AbstractDetectingUrlHandlerMapping.detectHandlers(AbstractDetectingUrlHandlerMapping.java:86)
Rejected bean name 'mvcUriComponentsContributor': no URL paths identified


[DEBUG] 2017-09-21 21:31:02,872 method:org.springframework.web.servlet.handler.AbstractDetectingUrlHandlerMapping.detectHandlers(AbstractDetectingUrlHandlerMapping.java:86)
Rejected bean name 'org.springframework.web.servlet.handler.MappedInterceptor#0': no URL paths identified


[DEBUG] 2017-09-21 21:31:02,872 method:org.springframework.web.servlet.handler.AbstractDetectingUrlHandlerMapping.detectHandlers(AbstractDetectingUrlHandlerMapping.java:86)
Rejected bean name 'org.springframework.web.servlet.mvc.method.annotation.ExceptionHandlerExceptionResolver#0': no URL paths identified


[DEBUG] 2017-09-21 21:31:02,872 method:org.springframework.web.servlet.handler.AbstractDetectingUrlHandlerMapping.detectHandlers(AbstractDetectingUrlHandlerMapping.java:86)
Rejected bean name 'org.springframework.web.servlet.mvc.annotation.ResponseStatusExceptionResolver#0': no URL paths identified


[DEBUG] 2017-09-21 21:31:02,873 method:org.springframework.web.servlet.handler.AbstractDetectingUrlHandlerMapping.detectHandlers(AbstractDetectingUrlHandlerMapping.java:86)
Rejected bean name 'org.springframework.web.servlet.mvc.support.DefaultHandlerExceptionResolver#0': no URL paths identified


[DEBUG] 2017-09-21 21:31:02,873 method:org.springframework.web.servlet.handler.AbstractDetectingUrlHandlerMapping.detectHandlers(AbstractDetectingUrlHandlerMapping.java:86)
Rejected bean name 'org.springframework.web.servlet.handler.BeanNameUrlHandlerMapping': no URL paths identified


[DEBUG] 2017-09-21 21:31:02,873 method:org.springframework.web.servlet.handler.AbstractDetectingUrlHandlerMapping.detectHandlers(AbstractDetectingUrlHandlerMapping.java:86)
Rejected bean name 'org.springframework.web.servlet.mvc.HttpRequestHandlerAdapter': no URL paths identified


[DEBUG] 2017-09-21 21:31:02,873 method:org.springframework.web.servlet.handler.AbstractDetectingUrlHandlerMapping.detectHandlers(AbstractDetectingUrlHandlerMapping.java:86)
Rejected bean name 'org.springframework.web.servlet.mvc.SimpleControllerHandlerAdapter': no URL paths identified


[DEBUG] 2017-09-21 21:31:02,873 method:org.springframework.web.servlet.handler.AbstractDetectingUrlHandlerMapping.detectHandlers(AbstractDetectingUrlHandlerMapping.java:86)
Rejected bean name 'org.springframework.web.servlet.view.InternalResourceViewResolver#0': no URL paths identified


[DEBUG] 2017-09-21 21:31:02,873 method:org.springframework.web.servlet.handler.AbstractDetectingUrlHandlerMapping.detectHandlers(AbstractDetectingUrlHandlerMapping.java:86)
Rejected bean name 'cn.e3mall.search.exception.GlobalExceptionResolver#0': no URL paths identified


[DEBUG] 2017-09-21 21:31:02,873 method:org.springframework.web.servlet.handler.AbstractDetectingUrlHandlerMapping.detectHandlers(AbstractDetectingUrlHandlerMapping.java:86)
Rejected bean name 'e3-search-web': no URL paths identified


[DEBUG] 2017-09-21 21:31:02,873 method:org.springframework.web.servlet.handler.AbstractDetectingUrlHandlerMapping.detectHandlers(AbstractDetectingUrlHandlerMapping.java:86)
Rejected bean name 'com.alibaba.dubbo.config.RegistryConfig': no URL paths identified


[DEBUG] 2017-09-21 21:31:02,873 method:org.springframework.web.servlet.handler.AbstractDetectingUrlHandlerMapping.detectHandlers(AbstractDetectingUrlHandlerMapping.java:86)
Rejected bean name 'searchService': no URL paths identified


[DEBUG] 2017-09-21 21:31:02,873 method:org.springframework.web.servlet.handler.AbstractDetectingUrlHandlerMapping.detectHandlers(AbstractDetectingUrlHandlerMapping.java:86)
Rejected bean name 'org.springframework.context.annotation.ConfigurationClassPostProcessor.importAwareProcessor': no URL paths identified


[DEBUG] 2017-09-21 21:31:02,874 method:org.springframework.web.servlet.handler.AbstractDetectingUrlHandlerMapping.detectHandlers(AbstractDetectingUrlHandlerMapping.java:86)
Rejected bean name 'org.springframework.context.annotation.ConfigurationClassPostProcessor.enhancedConfigurationProcessor': no URL paths identified


[DEBUG] 2017-09-21 21:31:02,874 method:org.springframework.web.servlet.handler.AbstractDetectingUrlHandlerMapping.detectHandlers(AbstractDetectingUrlHandlerMapping.java:86)
Rejected bean name 'environment': no URL paths identified


[DEBUG] 2017-09-21 21:31:02,874 method:org.springframework.web.servlet.handler.AbstractDetectingUrlHandlerMapping.detectHandlers(AbstractDetectingUrlHandlerMapping.java:86)
Rejected bean name 'systemProperties': no URL paths identified


[DEBUG] 2017-09-21 21:31:02,874 method:org.springframework.web.servlet.handler.AbstractDetectingUrlHandlerMapping.detectHandlers(AbstractDetectingUrlHandlerMapping.java:86)
Rejected bean name 'systemEnvironment': no URL paths identified


[DEBUG] 2017-09-21 21:31:02,874 method:org.springframework.web.servlet.handler.AbstractDetectingUrlHandlerMapping.detectHandlers(AbstractDetectingUrlHandlerMapping.java:86)
Rejected bean name 'servletContext': no URL paths identified


[DEBUG] 2017-09-21 21:31:02,874 method:org.springframework.web.servlet.handler.AbstractDetectingUrlHandlerMapping.detectHandlers(AbstractDetectingUrlHandlerMapping.java:86)
Rejected bean name 'servletConfig': no URL paths identified


[DEBUG] 2017-09-21 21:31:02,874 method:org.springframework.web.servlet.handler.AbstractDetectingUrlHandlerMapping.detectHandlers(AbstractDetectingUrlHandlerMapping.java:86)
Rejected bean name 'contextParameters': no URL paths identified


[DEBUG] 2017-09-21 21:31:02,874 method:org.springframework.web.servlet.handler.AbstractDetectingUrlHandlerMapping.detectHandlers(AbstractDetectingUrlHandlerMapping.java:86)
Rejected bean name 'contextAttributes': no URL paths identified


[DEBUG] 2017-09-21 21:31:02,874 method:org.springframework.web.servlet.handler.AbstractDetectingUrlHandlerMapping.detectHandlers(AbstractDetectingUrlHandlerMapping.java:86)
Rejected bean name 'org.springframework.context.annotation.ConfigurationClassPostProcessor.importRegistry': no URL paths identified


[DEBUG] 2017-09-21 21:31:02,875 method:org.springframework.web.servlet.handler.AbstractDetectingUrlHandlerMapping.detectHandlers(AbstractDetectingUrlHandlerMapping.java:86)
Rejected bean name 'messageSource': no URL paths identified


[DEBUG] 2017-09-21 21:31:02,875 method:org.springframework.web.servlet.handler.AbstractDetectingUrlHandlerMapping.detectHandlers(AbstractDetectingUrlHandlerMapping.java:86)
Rejected bean name 'applicationEventMulticaster': no URL paths identified


[DEBUG] 2017-09-21 21:31:02,875 method:org.springframework.beans.factory.support.AbstractAutowireCapableBeanFactory.createBean(AbstractAutowireCapableBeanFactory.java:484)
Finished creating instance of bean 'org.springframework.web.servlet.handler.BeanNameUrlHandlerMapping'


[DEBUG] 2017-09-21 21:31:02,875 method:org.springframework.beans.factory.support.DefaultSingletonBeanRegistry.getSingleton(DefaultSingletonBeanRegistry.java:221)
Creating shared instance of singleton bean 'org.springframework.web.servlet.mvc.HttpRequestHandlerAdapter'


[DEBUG] 2017-09-21 21:31:02,875 method:org.springframework.beans.factory.support.AbstractAutowireCapableBeanFactory.createBean(AbstractAutowireCapableBeanFactory.java:448)
Creating instance of bean 'org.springframework.web.servlet.mvc.HttpRequestHandlerAdapter'


[DEBUG] 2017-09-21 21:31:02,875 method:org.springframework.beans.factory.support.AbstractAutowireCapableBeanFactory.doCreateBean(AbstractAutowireCapableBeanFactory.java:529)
Eagerly caching bean 'org.springframework.web.servlet.mvc.HttpRequestHandlerAdapter' to allow for resolving potential circular references


[DEBUG] 2017-09-21 21:31:02,877 method:org.springframework.beans.factory.support.AbstractAutowireCapableBeanFactory.createBean(AbstractAutowireCapableBeanFactory.java:484)
Finished creating instance of bean 'org.springframework.web.servlet.mvc.HttpRequestHandlerAdapter'


[DEBUG] 2017-09-21 21:31:02,877 method:org.springframework.beans.factory.support.DefaultSingletonBeanRegistry.getSingleton(DefaultSingletonBeanRegistry.java:221)
Creating shared instance of singleton bean 'org.springframework.web.servlet.mvc.SimpleControllerHandlerAdapter'


[DEBUG] 2017-09-21 21:31:02,877 method:org.springframework.beans.factory.support.AbstractAutowireCapableBeanFactory.createBean(AbstractAutowireCapableBeanFactory.java:448)
Creating instance of bean 'org.springframework.web.servlet.mvc.SimpleControllerHandlerAdapter'


[DEBUG] 2017-09-21 21:31:02,877 method:org.springframework.beans.factory.support.AbstractAutowireCapableBeanFactory.doCreateBean(AbstractAutowireCapableBeanFactory.java:529)
Eagerly caching bean 'org.springframework.web.servlet.mvc.SimpleControllerHandlerAdapter' to allow for resolving potential circular references


[DEBUG] 2017-09-21 21:31:02,878 method:org.springframework.beans.factory.support.AbstractAutowireCapableBeanFactory.createBean(AbstractAutowireCapableBeanFactory.java:484)
Finished creating instance of bean 'org.springframework.web.servlet.mvc.SimpleControllerHandlerAdapter'


[DEBUG] 2017-09-21 21:31:02,879 method:org.springframework.beans.factory.support.DefaultSingletonBeanRegistry.getSingleton(DefaultSingletonBeanRegistry.java:221)
Creating shared instance of singleton bean 'org.springframework.web.servlet.view.InternalResourceViewResolver#0'


[DEBUG] 2017-09-21 21:31:02,879 method:org.springframework.beans.factory.support.AbstractAutowireCapableBeanFactory.createBean(AbstractAutowireCapableBeanFactory.java:448)
Creating instance of bean 'org.springframework.web.servlet.view.InternalResourceViewResolver#0'


[DEBUG] 2017-09-21 21:31:02,883 method:org.springframework.beans.factory.support.AbstractAutowireCapableBeanFactory.doCreateBean(AbstractAutowireCapableBeanFactory.java:529)
Eagerly caching bean 'org.springframework.web.servlet.view.InternalResourceViewResolver#0' to allow for resolving potential circular references


[DEBUG] 2017-09-21 21:31:02,888 method:org.springframework.beans.factory.support.AbstractAutowireCapableBeanFactory.createBean(AbstractAutowireCapableBeanFactory.java:484)
Finished creating instance of bean 'org.springframework.web.servlet.view.InternalResourceViewResolver#0'


[DEBUG] 2017-09-21 21:31:02,888 method:org.springframework.beans.factory.support.DefaultSingletonBeanRegistry.getSingleton(DefaultSingletonBeanRegistry.java:221)
Creating shared instance of singleton bean 'cn.e3mall.search.exception.GlobalExceptionResolver#0'


[DEBUG] 2017-09-21 21:31:02,889 method:org.springframework.beans.factory.support.AbstractAutowireCapableBeanFactory.createBean(AbstractAutowireCapableBeanFactory.java:448)
Creating instance of bean 'cn.e3mall.search.exception.GlobalExceptionResolver#0'


[DEBUG] 2017-09-21 21:31:02,889 method:org.springframework.beans.factory.support.AbstractAutowireCapableBeanFactory.doCreateBean(AbstractAutowireCapableBeanFactory.java:529)
Eagerly caching bean 'cn.e3mall.search.exception.GlobalExceptionResolver#0' to allow for resolving potential circular references


[DEBUG] 2017-09-21 21:31:02,890 method:org.springframework.beans.factory.support.AbstractAutowireCapableBeanFactory.createBean(AbstractAutowireCapableBeanFactory.java:484)
Finished creating instance of bean 'cn.e3mall.search.exception.GlobalExceptionResolver#0'


[DEBUG] 2017-09-21 21:31:02,890 method:org.springframework.beans.factory.support.AbstractBeanFactory.doGetBean(AbstractBeanFactory.java:251)
Returning cached instance of singleton bean 'e3-search-web'


[DEBUG] 2017-09-21 21:31:02,891 method:org.springframework.beans.factory.support.AbstractBeanFactory.doGetBean(AbstractBeanFactory.java:251)
Returning cached instance of singleton bean 'com.alibaba.dubbo.config.RegistryConfig'


[DEBUG] 2017-09-21 21:31:02,891 method:org.springframework.beans.factory.support.AbstractBeanFactory.doGetBean(AbstractBeanFactory.java:251)
Returning cached instance of singleton bean 'searchService'


[DEBUG] 2017-09-21 21:31:02,891 method:org.springframework.beans.factory.support.AbstractBeanFactory.doGetBean(AbstractBeanFactory.java:251)
Returning cached instance of singleton bean 'org.springframework.context.annotation.ConfigurationClassPostProcessor.importAwareProcessor'


[DEBUG] 2017-09-21 21:31:02,891 method:org.springframework.beans.factory.support.AbstractBeanFactory.doGetBean(AbstractBeanFactory.java:251)
Returning cached instance of singleton bean 'org.springframework.context.annotation.ConfigurationClassPostProcessor.enhancedConfigurationProcessor'


[DEBUG] 2017-09-21 21:31:02,891 method:org.springframework.beans.factory.support.AbstractBeanFactory.doGetBean(AbstractBeanFactory.java:251)
Returning cached instance of singleton bean 'org.springframework.context.event.internalEventListenerFactory'


[DEBUG] 2017-09-21 21:31:02,910 method:org.springframework.context.support.AbstractApplicationContext.initLifecycleProcessor(AbstractApplicationContext.java:769)
Unable to locate LifecycleProcessor with name 'lifecycleProcessor': using default [org.springframework.context.support.DefaultLifecycleProcessor@b4fc57]


[DEBUG] 2017-09-21 21:31:02,910 method:org.springframework.beans.factory.support.AbstractBeanFactory.doGetBean(AbstractBeanFactory.java:251)
Returning cached instance of singleton bean 'lifecycleProcessor'


[DEBUG] 2017-09-21 21:31:02,911 method:org.springframework.web.servlet.DispatcherServlet.initMultipartResolver(DispatcherServlet.java:506)
Unable to locate MultipartResolver with name 'multipartResolver': no multipart request handling provided


[DEBUG] 2017-09-21 21:31:02,911 method:org.springframework.beans.factory.support.AbstractAutowireCapableBeanFactory.createBean(AbstractAutowireCapableBeanFactory.java:448)
Creating instance of bean 'org.springframework.web.servlet.i18n.AcceptHeaderLocaleResolver'


[DEBUG] 2017-09-21 21:31:02,913 method:org.springframework.beans.factory.support.AbstractAutowireCapableBeanFactory.createBean(AbstractAutowireCapableBeanFactory.java:484)
Finished creating instance of bean 'org.springframework.web.servlet.i18n.AcceptHeaderLocaleResolver'


[DEBUG] 2017-09-21 21:31:02,913 method:org.springframework.web.servlet.DispatcherServlet.initLocaleResolver(DispatcherServlet.java:528)
Unable to locate LocaleResolver with name 'localeResolver': using default [org.springframework.web.servlet.i18n.AcceptHeaderLocaleResolver@1e605c]


[DEBUG] 2017-09-21 21:31:02,914 method:org.springframework.beans.factory.support.AbstractAutowireCapableBeanFactory.createBean(AbstractAutowireCapableBeanFactory.java:448)
Creating instance of bean 'org.springframework.web.servlet.theme.FixedThemeResolver'


[DEBUG] 2017-09-21 21:31:02,918 method:org.springframework.beans.factory.support.AbstractAutowireCapableBeanFactory.createBean(AbstractAutowireCapableBeanFactory.java:484)
Finished creating instance of bean 'org.springframework.web.servlet.theme.FixedThemeResolver'


[DEBUG] 2017-09-21 21:31:02,918 method:org.springframework.web.servlet.DispatcherServlet.initThemeResolver(DispatcherServlet.java:550)
Unable to locate ThemeResolver with name 'themeResolver': using default [org.springframework.web.servlet.theme.FixedThemeResolver@10ec2fa]


[DEBUG] 2017-09-21 21:31:02,918 method:org.springframework.beans.factory.support.AbstractBeanFactory.doGetBean(AbstractBeanFactory.java:251)
Returning cached instance of singleton bean 'org.springframework.web.servlet.mvc.method.annotation.RequestMappingHandlerMapping'


[DEBUG] 2017-09-21 21:31:02,918 method:org.springframework.beans.factory.support.AbstractBeanFactory.doGetBean(AbstractBeanFactory.java:251)
Returning cached instance of singleton bean 'org.springframework.web.servlet.handler.BeanNameUrlHandlerMapping'


[DEBUG] 2017-09-21 21:31:02,919 method:org.springframework.beans.factory.support.AbstractBeanFactory.doGetBean(AbstractBeanFactory.java:251)
Returning cached instance of singleton bean 'org.springframework.web.servlet.mvc.method.annotation.RequestMappingHandlerAdapter'


[DEBUG] 2017-09-21 21:31:02,919 method:org.springframework.beans.factory.support.AbstractBeanFactory.doGetBean(AbstractBeanFactory.java:251)
Returning cached instance of singleton bean 'org.springframework.web.servlet.mvc.HttpRequestHandlerAdapter'


[DEBUG] 2017-09-21 21:31:02,919 method:org.springframework.beans.factory.support.AbstractBeanFactory.doGetBean(AbstractBeanFactory.java:251)
Returning cached instance of singleton bean 'org.springframework.web.servlet.mvc.SimpleControllerHandlerAdapter'


[DEBUG] 2017-09-21 21:31:02,920 method:org.springframework.beans.factory.support.AbstractBeanFactory.doGetBean(AbstractBeanFactory.java:251)
Returning cached instance of singleton bean 'org.springframework.web.servlet.mvc.method.annotation.ExceptionHandlerExceptionResolver#0'


[DEBUG] 2017-09-21 21:31:02,920 method:org.springframework.beans.factory.support.AbstractBeanFactory.doGetBean(AbstractBeanFactory.java:251)
Returning cached instance of singleton bean 'org.springframework.web.servlet.mvc.annotation.ResponseStatusExceptionResolver#0'


[DEBUG] 2017-09-21 21:31:02,920 method:org.springframework.beans.factory.support.AbstractBeanFactory.doGetBean(AbstractBeanFactory.java:251)
Returning cached instance of singleton bean 'org.springframework.web.servlet.mvc.support.DefaultHandlerExceptionResolver#0'


[DEBUG] 2017-09-21 21:31:02,920 method:org.springframework.beans.factory.support.AbstractBeanFactory.doGetBean(AbstractBeanFactory.java:251)
Returning cached instance of singleton bean 'cn.e3mall.search.exception.GlobalExceptionResolver#0'


[DEBUG] 2017-09-21 21:31:02,921 method:org.springframework.beans.factory.support.AbstractAutowireCapableBeanFactory.createBean(AbstractAutowireCapableBeanFactory.java:448)
Creating instance of bean 'org.springframework.web.servlet.view.DefaultRequestToViewNameTranslator'


[DEBUG] 2017-09-21 21:31:02,923 method:org.springframework.beans.factory.support.AbstractAutowireCapableBeanFactory.createBean(AbstractAutowireCapableBeanFactory.java:484)
Finished creating instance of bean 'org.springframework.web.servlet.view.DefaultRequestToViewNameTranslator'


[DEBUG] 2017-09-21 21:31:02,923 method:org.springframework.web.servlet.DispatcherServlet.initRequestToViewNameTranslator(DispatcherServlet.java:688)
Unable to locate RequestToViewNameTranslator with name 'viewNameTranslator': using default [org.springframework.web.servlet.view.DefaultRequestToViewNameTranslator@e6d544]


[DEBUG] 2017-09-21 21:31:02,923 method:org.springframework.beans.factory.support.AbstractBeanFactory.doGetBean(AbstractBeanFactory.java:251)
Returning cached instance of singleton bean 'org.springframework.web.servlet.view.InternalResourceViewResolver#0'


[DEBUG] 2017-09-21 21:31:02,938 method:org.springframework.beans.factory.support.AbstractAutowireCapableBeanFactory.createBean(AbstractAutowireCapableBeanFactory.java:448)
Creating instance of bean 'org.springframework.web.servlet.support.SessionFlashMapManager'


[DEBUG] 2017-09-21 21:31:02,942 method:org.springframework.beans.factory.support.AbstractAutowireCapableBeanFactory.createBean(AbstractAutowireCapableBeanFactory.java:484)
Finished creating instance of bean 'org.springframework.web.servlet.support.SessionFlashMapManager'


[DEBUG] 2017-09-21 21:31:02,942 method:org.springframework.web.servlet.DispatcherServlet.initFlashMapManager(DispatcherServlet.java:750)
Unable to locate FlashMapManager with name 'flashMapManager': using default [org.springframework.web.servlet.support.SessionFlashMapManager@1211779]


[DEBUG] 2017-09-21 21:31:02,943 method:org.springframework.core.env.PropertySourcesPropertyResolver.getProperty(PropertySourcesPropertyResolver.java:81)
Searching for key 'spring.liveBeansView.mbeanDomain' in [servletConfigInitParams]


[DEBUG] 2017-09-21 21:31:02,943 method:org.springframework.core.env.PropertySourcesPropertyResolver.getProperty(PropertySourcesPropertyResolver.java:81)
Searching for key 'spring.liveBeansView.mbeanDomain' in [servletContextInitParams]


[DEBUG] 2017-09-21 21:31:02,943 method:org.springframework.core.env.PropertySourcesPropertyResolver.getProperty(PropertySourcesPropertyResolver.java:81)
Searching for key 'spring.liveBeansView.mbeanDomain' in [jndiProperties]


[DEBUG] 2017-09-21 21:31:02,943 method:org.springframework.jndi.JndiTemplate.lookup(JndiTemplate.java:150)
Looking up JNDI object with name [java:comp/env/spring.liveBeansView.mbeanDomain]


[DEBUG] 2017-09-21 21:31:02,944 method:org.springframework.jndi.JndiLocatorSupport.lookup(JndiLocatorSupport.java:101)
Converted JNDI name [java:comp/env/spring.liveBeansView.mbeanDomain] not found - trying original name [spring.liveBeansView.mbeanDomain]. javax.naming.NameNotFoundException: Name [spring.liveBeansView.mbeanDomain] is not bound in this Context. Unable to find [spring.liveBeansView.mbeanDomain].


[DEBUG] 2017-09-21 21:31:02,944 method:org.springframework.jndi.JndiTemplate.lookup(JndiTemplate.java:150)
Looking up JNDI object with name [spring.liveBeansView.mbeanDomain]


[DEBUG] 2017-09-21 21:31:02,944 method:org.springframework.jndi.JndiPropertySource.getProperty(JndiPropertySource.java:90)
JNDI lookup for name [spring.liveBeansView.mbeanDomain] threw NamingException with message: Name [spring.liveBeansView.mbeanDomain] is not bound in this Context. Unable to find [spring.liveBeansView.mbeanDomain].. Returning null.


[DEBUG] 2017-09-21 21:31:02,944 method:org.springframework.core.env.PropertySourcesPropertyResolver.getProperty(PropertySourcesPropertyResolver.java:81)
Searching for key 'spring.liveBeansView.mbeanDomain' in [systemProperties]


[DEBUG] 2017-09-21 21:31:02,944 method:org.springframework.core.env.PropertySourcesPropertyResolver.getProperty(PropertySourcesPropertyResolver.java:81)
Searching for key 'spring.liveBeansView.mbeanDomain' in [systemEnvironment]


[DEBUG] 2017-09-21 21:31:02,944 method:org.springframework.core.env.PropertySourcesPropertyResolver.getProperty(PropertySourcesPropertyResolver.java:103)
Could not find key 'spring.liveBeansView.mbeanDomain' in any property source. Returning [null]


[DEBUG] 2017-09-21 21:31:02,945 method:org.springframework.web.servlet.FrameworkServlet.initWebApplicationContext(FrameworkServlet.java:568)
Published WebApplicationContext of servlet 'e3-search-web' as ServletContext attribute with name [org.springframework.web.servlet.FrameworkServlet.CONTEXT.e3-search-web]


[INFO ] 2017-09-21 21:31:02,945 method:org.springframework.web.servlet.FrameworkServlet.initServletBean(FrameworkServlet.java:508)
FrameworkServlet 'e3-search-web': initialization completed in 10866 ms


[DEBUG] 2017-09-21 21:31:02,945 method:org.springframework.web.servlet.HttpServletBean.init(HttpServletBean.java:139)
Servlet 'e3-search-web' configured successfully


[DEBUG] 2017-09-21 21:31:12,107 method:org.apache.zookeeper.ClientCnxn$SendThread.readResponse(ClientCnxn.java:742)
Got ping response for sessionid: 0x15e7937cfe2004c after 1ms


[DEBUG] 2017-09-21 21:31:22,108 method:org.apache.zookeeper.ClientCnxn$SendThread.readResponse(ClientCnxn.java:742)
Got ping response for sessionid: 0x15e7937cfe2004c after 0ms


[DEBUG] 2017-09-21 21:31:32,111 method:org.apache.zookeeper.ClientCnxn$SendThread.readResponse(ClientCnxn.java:742)
Got ping response for sessionid: 0x15e7937cfe2004c after 1ms


[DEBUG] 2017-09-21 21:31:42,112 method:org.apache.zookeeper.ClientCnxn$SendThread.readResponse(ClientCnxn.java:742)
Got ping response for sessionid: 0x15e7937cfe2004c after 1ms


[DEBUG] 2017-09-21 21:31:52,112 method:org.apache.zookeeper.ClientCnxn$SendThread.readResponse(ClientCnxn.java:742)
Got ping response for sessionid: 0x15e7937cfe2004c after 0ms


[DEBUG] 2017-09-21 21:32:02,114 method:org.apache.zookeeper.ClientCnxn$SendThread.readResponse(ClientCnxn.java:742)
Got ping response for sessionid: 0x15e7937cfe2004c after 2ms


[DEBUG] 2017-09-21 21:32:02,302 method:com.alibaba.dubbo.remoting.exchange.support.header.HeartBeatTask.run(HeartBeatTask.java:66)
 [DUBBO] Send heartbeat to remote channel /192.168.25.1:20882, cause: The channel has no data-transmission exceeds a heartbeat period: 60000ms, dubbo version: 2.5.3, current host: 192.168.25.1


[DEBUG] 2017-09-21 21:32:02,349 method:com.alibaba.dubbo.remoting.exchange.support.header.HeartbeatHandler.received(HeartbeatHandler.java:82)
 [DUBBO] Receive heartbeat response in thread New I/O worker #1, dubbo version: 2.5.3, current host: 192.168.25.1


[DEBUG] 2017-09-21 21:32:12,115 method:org.apache.zookeeper.ClientCnxn$SendThread.readResponse(ClientCnxn.java:742)
Got ping response for sessionid: 0x15e7937cfe2004c after 1ms


[DEBUG] 2017-09-21 21:32:22,117 method:org.apache.zookeeper.ClientCnxn$SendThread.readResponse(ClientCnxn.java:742)
Got ping response for sessionid: 0x15e7937cfe2004c after 1ms


[DEBUG] 2017-09-21 21:32:32,119 method:org.apache.zookeeper.ClientCnxn$SendThread.readResponse(ClientCnxn.java:742)
Got ping response for sessionid: 0x15e7937cfe2004c after 2ms


[DEBUG] 2017-09-21 21:32:42,119 method:org.apache.zookeeper.ClientCnxn$SendThread.readResponse(ClientCnxn.java:742)
Got ping response for sessionid: 0x15e7937cfe2004c after 1ms


[DEBUG] 2017-09-21 21:32:52,121 method:org.apache.zookeeper.ClientCnxn$SendThread.readResponse(ClientCnxn.java:742)
Got ping response for sessionid: 0x15e7937cfe2004c after 1ms


[DEBUG] 2017-09-21 21:33:02,122 method:org.apache.zookeeper.ClientCnxn$SendThread.readResponse(ClientCnxn.java:742)
Got ping response for sessionid: 0x15e7937cfe2004c after 1ms


[DEBUG] 2017-09-21 21:33:02,303 method:com.alibaba.dubbo.remoting.exchange.support.header.HeartBeatTask.run(HeartBeatTask.java:66)
 [DUBBO] Send heartbeat to remote channel /192.168.25.1:20882, cause: The channel has no data-transmission exceeds a heartbeat period: 60000ms, dubbo version: 2.5.3, current host: 192.168.25.1


[DEBUG] 2017-09-21 21:33:02,304 method:com.alibaba.dubbo.remoting.exchange.support.header.HeartbeatHandler.received(HeartbeatHandler.java:82)
 [DUBBO] Receive heartbeat response in thread New I/O worker #1, dubbo version: 2.5.3, current host: 192.168.25.1


[DEBUG] 2017-09-21 21:33:12,124 method:org.apache.zookeeper.ClientCnxn$SendThread.readResponse(ClientCnxn.java:742)
Got ping response for sessionid: 0x15e7937cfe2004c after 1ms


[DEBUG] 2017-09-21 21:33:22,126 method:org.apache.zookeeper.ClientCnxn$SendThread.readResponse(ClientCnxn.java:742)
Got ping response for sessionid: 0x15e7937cfe2004c after 2ms


[DEBUG] 2017-09-21 21:33:32,127 method:org.apache.zookeeper.ClientCnxn$SendThread.readResponse(ClientCnxn.java:742)
Got ping response for sessionid: 0x15e7937cfe2004c after 2ms


[DEBUG] 2017-09-21 21:33:42,128 method:org.apache.zookeeper.ClientCnxn$SendThread.readResponse(ClientCnxn.java:742)
Got ping response for sessionid: 0x15e7937cfe2004c after 1ms


[DEBUG] 2017-09-21 21:33:52,129 method:org.apache.zookeeper.ClientCnxn$SendThread.readResponse(ClientCnxn.java:742)
Got ping response for sessionid: 0x15e7937cfe2004c after 1ms


[DEBUG] 2017-09-21 21:34:02,131 method:org.apache.zookeeper.ClientCnxn$SendThread.readResponse(ClientCnxn.java:742)
Got ping response for sessionid: 0x15e7937cfe2004c after 1ms


[DEBUG] 2017-09-21 21:34:02,306 method:com.alibaba.dubbo.remoting.exchange.support.header.HeartBeatTask.run(HeartBeatTask.java:66)
 [DUBBO] Send heartbeat to remote channel /192.168.25.1:20882, cause: The channel has no data-transmission exceeds a heartbeat period: 60000ms, dubbo version: 2.5.3, current host: 192.168.25.1


[DEBUG] 2017-09-21 21:34:02,307 method:com.alibaba.dubbo.remoting.exchange.support.header.HeartbeatHandler.received(HeartbeatHandler.java:82)
 [DUBBO] Receive heartbeat response in thread New I/O worker #1, dubbo version: 2.5.3, current host: 192.168.25.1


[DEBUG] 2017-09-21 21:34:12,132 method:org.apache.zookeeper.ClientCnxn$SendThread.readResponse(ClientCnxn.java:742)
Got ping response for sessionid: 0x15e7937cfe2004c after 1ms


[DEBUG] 2017-09-21 21:34:22,134 method:org.apache.zookeeper.ClientCnxn$SendThread.readResponse(ClientCnxn.java:742)
Got ping response for sessionid: 0x15e7937cfe2004c after 1ms
